{"C:\\Users\\Вся семья\\OneDrive\\Рабочий стол\\unit-Matchers\\src\\js\\basic.js": {"path":"C:\\Users\\Вся семья\\OneDrive\\Рабочий стол\\unit-Matchers\\src\\js\\basic.js","statementMap":{"0":{"start":{"line":2,"column":4},"end":{"line":2,"column":63}},"1":{"start":{"line":2,"column":42},"end":{"line":2,"column":61}}},"fnMap":{"0":{"name":"sortPlayers","decl":{"start":{"line":1,"column":24},"end":{"line":1,"column":35}},"loc":{"start":{"line":1,"column":45},"end":{"line":3,"column":3}},"line":1},"1":{"name":"(anonymous_1)","decl":{"start":{"line":2,"column":32},"end":{"line":2,"column":33}},"loc":{"start":{"line":2,"column":42},"end":{"line":2,"column":61}},"line":2}},"branchMap":{},"s":{"0":1,"1":4},"f":{"0":1,"1":4},"b":{},"_coverageSchema":"1a1c01bbd47fc00a2c39e90264f33305004495a9","hash":"f25bc0e038a886c99fff5b4b131ed65ca02f2e5d"}
}
